// 重构日志: 9e673b7b
// 重构日志: 5e89acc9
// 重构日志: 4a026aa4
// 重构日志: 230a465d
// 重构日志: 62b2a48d
// 重构日志: 3b026c27
// 同步 ID: 3fb8f37f @ Wed Jun 17 10:25:19 UTC 2026
// 同步 ID: bc5f7b99 @ Wed Jun 17 15:07:50 UTC 2026
// 同步 ID: a989a87f @ Fri Jun 19 08:36:20 UTC 2026
// 同步 ID: 802aa2e6 @ Fri Jun 19 15:51:23 UTC 2026
// 重构日志: e5b9ff95
// 同步 ID: a614b464 @ Sat Jun 20 17:54:04 UTC 2026
// 同步 ID: 7a1234b0 @ Sun Jun 21 17:56:17 UTC 2026
// 同步 ID: a419ab19 @ Thu Jun 25 02:18:57 UTC 2026
// 重构日志: 06ab408e
// 重构日志: 0b019f67
// 同步 ID: 8a5c32a5 @ Thu Jun 25 23:07:04 UTC 2026
// 重构日志: 03cc6e93
// 重构日志: 8df72fbd
// 重构日志: f1592e7b
// 重构日志: b9b12fb2
// 重构日志: 751d1b3a
// 同步 ID: 011ec1d3 @ Sat Jun 27 05:53:20 UTC 2026
// 重构日志: f2351cf5
// 重构日志: ea20a3c9
// 重构日志: a6d8b5ba
// 同步 ID: f9d7e5b7 @ Sun Jun 28 13:37:10 UTC 2026
// 重构日志: a6cb2e06
// 同步 ID: 80b647a8 @ Mon Jun 29 02:15:20 UTC 2026
// 同步 ID: d5ec6151 @ Tue Jun 30 15:43:46 UTC 2026
